[16:50:35] [ServerMain/INFO]: Environment: Environment[sessionHost=https://sessionserver.mojang.com, servicesHost=https://api.minecraftservices.com, name=PROD]
[16:50:39] [ServerMain/INFO]: Loaded 1407 recipes
[16:50:40] [ServerMain/INFO]: Loaded 1520 advancements
[16:50:40] [Server thread/INFO]: Starting minecraft server version 1.21.8
[16:50:40] [Server thread/INFO]: Loading properties
[16:50:40] [Server thread/INFO]: Default game type: SURVIVAL
[16:50:40] [Server thread/INFO]: Generating keypair
[16:50:40] [Server thread/INFO]: Starting Minecraft server on *:25565
[16:50:40] [Server thread/INFO]: Using default channel type
[16:50:40] [Server thread/INFO]: Preparing level "world"
[16:50:41] [Server thread/INFO]: Preparing start region for dimension minecraft:overworld
[16:50:43] [Worker-Main-1/INFO]: Preparing spawn area: 0%
[16:50:43] [Worker-Main-1/INFO]: Preparing spawn area: 0%
[16:50:43] [Worker-Main-1/INFO]: Preparing spawn area: 0%
[16:50:43] [Worker-Main-1/INFO]: Preparing spawn area: 0%
[16:50:43] [Worker-Main-1/INFO]: Preparing spawn area: 0%
[16:50:44] [Worker-Main-9/INFO]: Preparing spawn area: 53%
[16:50:44] [Server thread/INFO]: Time elapsed: 2537 ms
[16:50:44] [Server thread/INFO]: Done (3.190s)! For help, type "help"
[16:50:44] [Server thread/INFO]: Stopping the server
[16:50:44] [Server thread/INFO]: Stopping server
[16:50:44] [Server thread/INFO]: Saving players
[16:50:44] [Server thread/INFO]: Saving worlds
[16:50:44] [Server thread/INFO]: Saving chunks for level 'ServerLevel[world]'/minecraft:overworld
[16:50:44] [Server thread/INFO]: Saving chunks for level 'ServerLevel[world]'/minecraft:the_nether
[16:50:44] [Server thread/INFO]: Saving chunks for level 'ServerLevel[world]'/minecraft:the_end
[16:50:44] [Server thread/INFO]: ThreadedAnvilChunkStorage (world): All chunks are saved
[16:50:44] [Server thread/INFO]: ThreadedAnvilChunkStorage (DIM-1): All chunks are saved
[16:50:44] [Server thread/INFO]: ThreadedAnvilChunkStorage (DIM1): All chunks are saved
[16:50:44] [Server thread/INFO]: ThreadedAnvilChunkStorage: All dimensions are saved
